<?xml version="1.0" encoding="UTF-8" ?>
<testsuite failures="0" time="0" errors="0" skipped="0" tests="0" name="hu.bearmaster.phoenix.common.test.services.DiscLoaderTest">
  <properties>
    <property name="java.runtime.name" value="Java(TM) SE Runtime Environment"/>
    <property name="sun.boot.library.path" value="C:\Java\jdk1.6.0_14\jre\bin"/>
    <property name="java.vm.version" value="14.0-b16"/>
    <property name="java.vm.vendor" value="Sun Microsystems Inc."/>
    <property name="java.vendor.url" value="http://java.sun.com/"/>
    <property name="path.separator" value=";"/>
    <property name="java.vm.name" value="Java HotSpot(TM) 64-Bit Server VM"/>
    <property name="file.encoding.pkg" value="sun.io"/>
    <property name="user.country" value="HU"/>
    <property name="sun.java.launcher" value="SUN_STANDARD"/>
    <property name="sun.os.patch.level" value="Service Pack 2"/>
    <property name="java.vm.specification.name" value="Java Virtual Machine Specification"/>
    <property name="user.dir" value="D:\dev\phoenix-maven\ariadne\common"/>
    <property name="java.runtime.version" value="1.6.0_14-b08"/>
    <property name="java.awt.graphicsenv" value="sun.awt.Win32GraphicsEnvironment"/>
    <property name="basedir" value="D:\dev\phoenix-maven\ariadne\common"/>
    <property name="java.endorsed.dirs" value="C:\Java\jdk1.6.0_14\jre\lib\endorsed"/>
    <property name="os.arch" value="amd64"/>
    <property name="surefire.real.class.path" value="D:\dev\phoenix-maven\ariadne\common\target\surefire\surefirebooter6742715015967537654.jar"/>
    <property name="java.io.tmpdir" value="C:\DOCUME~1\ADMINI~1\LOCALS~1\Temp\"/>
    <property name="line.separator" value="
"/>
    <property name="java.vm.specification.vendor" value="Sun Microsystems Inc."/>
    <property name="user.variant" value=""/>
    <property name="os.name" value="Windows XP"/>
    <property name="sun.jnu.encoding" value="Cp1252"/>
    <property name="java.library.path" value="C:\Java\jdk1.6.0_14\jre\bin;.;C:\WINDOWS\Sun\Java\bin;C:\WINDOWS\system32;C:\WINDOWS;C:\Program Files (x86)\TC UP\PLUGINS\Library;C:\WINDOWS\system32;C:\WINDOWS;C:\WINDOWS\System32\Wbem;C:\Program Files (x86)\QuickTime\QTSystem\;C:\Java\jdk1.6.0_14\bin;D:\Ruby\bin;C:\Program Files\MySQL\MySQL Server 5.1\bin;C:\glassfishv3\bin;C:\glassfishv3\glassfish\bin;C:\glassfishv3\ant\bin;C:\MinGW\bin;d:\maven\bin;C:\Program Files (x86)\TC UP\lib\"/>
    <property name="surefire.test.class.path" value="D:\dev\phoenix-maven\ariadne\common\target\test-classes;D:\dev\phoenix-maven\ariadne\common\target\classes;d:\dev\mvn_repo\log4j\log4j\1.2.14\log4j-1.2.14.jar;d:\dev\mvn_repo\javax\transaction\jta\1.1\jta-1.1.jar;d:\dev\mvn_repo\org\hibernate\hibernate\3.2.6.ga\hibernate-3.2.6.ga.jar;d:\dev\mvn_repo\net\sf\ehcache\ehcache\1.2.3\ehcache-1.2.3.jar;d:\dev\mvn_repo\commons-logging\commons-logging\1.0.4\commons-logging-1.0.4.jar;d:\dev\mvn_repo\asm\asm-attrs\1.5.3\asm-attrs-1.5.3.jar;d:\dev\mvn_repo\dom4j\dom4j\1.6.1\dom4j-1.6.1.jar;d:\dev\mvn_repo\antlr\antlr\2.7.6\antlr-2.7.6.jar;d:\dev\mvn_repo\cglib\cglib\2.1_3\cglib-2.1_3.jar;d:\dev\mvn_repo\asm\asm\1.5.3\asm-1.5.3.jar;d:\dev\mvn_repo\commons-collections\commons-collections\2.1.1\commons-collections-2.1.1.jar;d:\dev\mvn_repo\hibernate\hibernate-tools\3.2.3.GA\hibernate-tools-3.2.3.GA.jar;d:\dev\mvn_repo\org\beanshell\bsh\2.0b4\bsh-2.0b4.jar;d:\dev\mvn_repo\freemarker\freemarker\2.3.8\freemarker-2.3.8.jar;d:\dev\mvn_repo\org\hibernate\jtidy\r8-20060801\jtidy-r8-20060801.jar;d:\dev\mvn_repo\org\springframework\spring-core\2.5.6.SEC02\spring-core-2.5.6.SEC02.jar;d:\dev\mvn_repo\org\springframework\spring-context\2.5.6.SEC02\spring-context-2.5.6.SEC02.jar;d:\dev\mvn_repo\aopalliance\aopalliance\1.0\aopalliance-1.0.jar;d:\dev\mvn_repo\org\springframework\spring-beans\2.5.6.SEC02\spring-beans-2.5.6.SEC02.jar;d:\dev\mvn_repo\org\springframework\spring-orm\2.5.6.SEC02\spring-orm-2.5.6.SEC02.jar;d:\dev\mvn_repo\org\springframework\spring-tx\2.5.6.SEC02\spring-tx-2.5.6.SEC02.jar;d:\dev\mvn_repo\mysql\mysql-connector-java\5.1.12\mysql-connector-java-5.1.12.jar;d:\dev\mvn_repo\org\springframework\spring-jdbc\2.5.6.SEC02\spring-jdbc-2.5.6.SEC02.jar;"/>
    <property name="java.specification.name" value="Java Platform API Specification"/>
    <property name="java.class.version" value="50.0"/>
    <property name="sun.management.compiler" value="HotSpot 64-Bit Server Compiler"/>
    <property name="os.version" value="5.2"/>
    <property name="user.home" value="C:\Documents and Settings\Administrator"/>
    <property name="user.timezone" value=""/>
    <property name="java.awt.printerjob" value="sun.awt.windows.WPrinterJob"/>
    <property name="java.specification.version" value="1.6"/>
    <property name="file.encoding" value="Cp1250"/>
    <property name="user.name" value="Administrator"/>
    <property name="java.class.path" value="D:\dev\phoenix-maven\ariadne\common\target\test-classes;D:\dev\phoenix-maven\ariadne\common\target\classes;d:\dev\mvn_repo\log4j\log4j\1.2.14\log4j-1.2.14.jar;d:\dev\mvn_repo\javax\transaction\jta\1.1\jta-1.1.jar;d:\dev\mvn_repo\org\hibernate\hibernate\3.2.6.ga\hibernate-3.2.6.ga.jar;d:\dev\mvn_repo\net\sf\ehcache\ehcache\1.2.3\ehcache-1.2.3.jar;d:\dev\mvn_repo\commons-logging\commons-logging\1.0.4\commons-logging-1.0.4.jar;d:\dev\mvn_repo\asm\asm-attrs\1.5.3\asm-attrs-1.5.3.jar;d:\dev\mvn_repo\dom4j\dom4j\1.6.1\dom4j-1.6.1.jar;d:\dev\mvn_repo\antlr\antlr\2.7.6\antlr-2.7.6.jar;d:\dev\mvn_repo\cglib\cglib\2.1_3\cglib-2.1_3.jar;d:\dev\mvn_repo\asm\asm\1.5.3\asm-1.5.3.jar;d:\dev\mvn_repo\commons-collections\commons-collections\2.1.1\commons-collections-2.1.1.jar;d:\dev\mvn_repo\hibernate\hibernate-tools\3.2.3.GA\hibernate-tools-3.2.3.GA.jar;d:\dev\mvn_repo\org\beanshell\bsh\2.0b4\bsh-2.0b4.jar;d:\dev\mvn_repo\freemarker\freemarker\2.3.8\freemarker-2.3.8.jar;d:\dev\mvn_repo\org\hibernate\jtidy\r8-20060801\jtidy-r8-20060801.jar;d:\dev\mvn_repo\org\springframework\spring-core\2.5.6.SEC02\spring-core-2.5.6.SEC02.jar;d:\dev\mvn_repo\org\springframework\spring-context\2.5.6.SEC02\spring-context-2.5.6.SEC02.jar;d:\dev\mvn_repo\aopalliance\aopalliance\1.0\aopalliance-1.0.jar;d:\dev\mvn_repo\org\springframework\spring-beans\2.5.6.SEC02\spring-beans-2.5.6.SEC02.jar;d:\dev\mvn_repo\org\springframework\spring-orm\2.5.6.SEC02\spring-orm-2.5.6.SEC02.jar;d:\dev\mvn_repo\org\springframework\spring-tx\2.5.6.SEC02\spring-tx-2.5.6.SEC02.jar;d:\dev\mvn_repo\mysql\mysql-connector-java\5.1.12\mysql-connector-java-5.1.12.jar;d:\dev\mvn_repo\org\springframework\spring-jdbc\2.5.6.SEC02\spring-jdbc-2.5.6.SEC02.jar;"/>
    <property name="java.vm.specification.version" value="1.0"/>
    <property name="sun.arch.data.model" value="64"/>
    <property name="java.home" value="C:\Java\jdk1.6.0_14\jre"/>
    <property name="java.specification.vendor" value="Sun Microsystems Inc."/>
    <property name="user.language" value="hu"/>
    <property name="awt.toolkit" value="sun.awt.windows.WToolkit"/>
    <property name="java.vm.info" value="mixed mode"/>
    <property name="java.version" value="1.6.0_14"/>
    <property name="java.ext.dirs" value="C:\Java\jdk1.6.0_14\jre\lib\ext;C:\WINDOWS\Sun\Java\lib\ext"/>
    <property name="sun.boot.class.path" value="C:\Java\jdk1.6.0_14\jre\lib\resources.jar;C:\Java\jdk1.6.0_14\jre\lib\rt.jar;C:\Java\jdk1.6.0_14\jre\lib\sunrsasign.jar;C:\Java\jdk1.6.0_14\jre\lib\jsse.jar;C:\Java\jdk1.6.0_14\jre\lib\jce.jar;C:\Java\jdk1.6.0_14\jre\lib\charsets.jar;C:\Java\jdk1.6.0_14\jre\classes"/>
    <property name="java.vendor" value="Sun Microsystems Inc."/>
    <property name="localRepository" value="d:\dev\mvn_repo"/>
    <property name="file.separator" value="\"/>
    <property name="java.vendor.url.bug" value="http://java.sun.com/cgi-bin/bugreport.cgi"/>
    <property name="sun.cpu.endian" value="little"/>
    <property name="sun.io.unicode.encoding" value="UnicodeLittle"/>
    <property name="sun.desktop" value="windows"/>
    <property name="sun.cpu.isalist" value="amd64"/>
  </properties>
</testsuite>